0 info it worked if it ends with ok
1 verbose cli [ 'node', '/usr/local/bin/npm', 'start' ]
2 info using npm@2.0.0
3 info using node@v0.10.32
4 verbose node symlink /usr/local/bin/node
5 verbose run-script [ 'prestart', 'start', 'poststart' ]
6 info prestart chitter_node@1.0.0
7 info start chitter_node@1.0.0
8 verbose unsafe-perm in lifecycle true
9 info chitter_node@1.0.0 Failed to exec start script
10 verbose stack Error: chitter_node@1.0.0 start: `node server.js`
10 verbose stack Exit status 8
10 verbose stack     at ChildProcess.<anonymous> (/usr/local/lib/node_modules/npm/lib/utils/lifecycle.js:212:16)
10 verbose stack     at ChildProcess.emit (events.js:98:17)
10 verbose stack     at maybeClose (child_process.js:756:16)
10 verbose stack     at Process.ChildProcess._handle.onexit (child_process.js:823:5)
11 verbose pkgid chitter_node@1.0.0
12 verbose cwd /Users/maya/PROJECTS/challenges/chitter_node
13 error Darwin 13.4.0
14 error argv "node" "/usr/local/bin/npm" "start"
15 error node v0.10.32
16 error npm  v2.0.0
17 error code ELIFECYCLE
18 error chitter_node@1.0.0 start: `node server.js`
18 error Exit status 8
19 error Failed at the chitter_node@1.0.0 start script.
19 error This is most likely a problem with the chitter_node package,
19 error not with npm itself.
19 error Tell the author that this fails on your system:
19 error     node server.js
19 error You can get their info via:
19 error     npm owner ls chitter_node
19 error There is likely additional logging output above.
20 verbose exit [ 1, true ]
